<?xml version="1.0" encoding="UTF-8"?>
<testsuite xmlns:xsi="http://www.w3.org/2001/XMLSchema-instance" xsi:noNamespaceSchemaLocation="https://maven.apache.org/surefire/maven-surefire-plugin/xsd/surefire-test-report-3.0.xsd" version="3.0" name="gei.id.tutelado.AllTests" time="3.724" tests="12" errors="0" skipped="0" failures="0">
  <properties>
    <property name="java.specification.version" value="21"/>
    <property name="sun.cpu.isalist" value="amd64"/>
    <property name="sun.jnu.encoding" value="Cp1252"/>
    <property name="java.class.path" value="C:\Users\abelp\Desktop\uni\4Uni\2 cuatri\ID\TuteladoJPA-1.2\target\test-classes;C:\Users\abelp\Desktop\uni\4Uni\2 cuatri\ID\TuteladoJPA-1.2\target\classes;C:\Users\abelp\.m2\repository\org\hibernate\hibernate-entitymanager\5.4.21.Final\hibernate-entitymanager-5.4.21.Final.jar;C:\Users\abelp\.m2\repository\org\jboss\logging\jboss-logging\3.3.2.Final\jboss-logging-3.3.2.Final.jar;C:\Users\abelp\.m2\repository\org\hibernate\hibernate-core\5.4.21.Final\hibernate-core-5.4.21.Final.jar;C:\Users\abelp\.m2\repository\org\javassist\javassist\3.24.0-GA\javassist-3.24.0-GA.jar;C:\Users\abelp\.m2\repository\antlr\antlr\2.7.7\antlr-2.7.7.jar;C:\Users\abelp\.m2\repository\org\jboss\jandex\2.1.3.Final\jandex-2.1.3.Final.jar;C:\Users\abelp\.m2\repository\com\fasterxml\classmate\1.5.1\classmate-1.5.1.jar;C:\Users\abelp\.m2\repository\org\glassfish\jaxb\jaxb-runtime\2.3.1\jaxb-runtime-2.3.1.jar;C:\Users\abelp\.m2\repository\org\glassfish\jaxb\txw2\2.3.1\txw2-2.3.1.jar;C:\Users\abelp\.m2\repository\com\sun\istack\istack-commons-runtime\3.0.7\istack-commons-runtime-3.0.7.jar;C:\Users\abelp\.m2\repository\org\jvnet\staxex\stax-ex\1.8\stax-ex-1.8.jar;C:\Users\abelp\.m2\repository\com\sun\xml\fastinfoset\FastInfoset\1.2.15\FastInfoset-1.2.15.jar;C:\Users\abelp\.m2\repository\org\dom4j\dom4j\2.1.3\dom4j-2.1.3.jar;C:\Users\abelp\.m2\repository\org\hibernate\common\hibernate-commons-annotations\5.1.0.Final\hibernate-commons-annotations-5.1.0.Final.jar;C:\Users\abelp\.m2\repository\javax\persistence\javax.persistence-api\2.2\javax.persistence-api-2.2.jar;C:\Users\abelp\.m2\repository\net\bytebuddy\byte-buddy\1.10.10\byte-buddy-1.10.10.jar;C:\Users\abelp\.m2\repository\org\jboss\spec\javax\transaction\jboss-transaction-api_1.2_spec\1.1.1.Final\jboss-transaction-api_1.2_spec-1.1.1.Final.jar;C:\Users\abelp\.m2\repository\junit\junit\4.12\junit-4.12.jar;C:\Users\abelp\.m2\repository\org\hamcrest\hamcrest-core\1.3\hamcrest-core-1.3.jar;C:\Users\abelp\.m2\repository\org\postgresql\postgresql\42.5.0\postgresql-42.5.0.jar;C:\Users\abelp\.m2\repository\org\checkerframework\checker-qual\3.5.0\checker-qual-3.5.0.jar;C:\Users\abelp\.m2\repository\javax\xml\bind\jaxb-api\2.3.1\jaxb-api-2.3.1.jar;C:\Users\abelp\.m2\repository\javax\activation\javax.activation-api\1.2.0\javax.activation-api-1.2.0.jar;C:\Users\abelp\.m2\repository\org\apache\logging\log4j\log4j-api\2.12.1\log4j-api-2.12.1.jar;C:\Users\abelp\.m2\repository\org\apache\logging\log4j\log4j-core\2.12.1\log4j-core-2.12.1.jar;"/>
    <property name="java.vm.vendor" value="Eclipse Adoptium"/>
    <property name="sun.arch.data.model" value="64"/>
    <property name="user.variant" value=""/>
    <property name="java.vendor.url" value="https://adoptium.net/"/>
    <property name="user.timezone" value="Europe/Madrid"/>
    <property name="os.name" value="Windows 10"/>
    <property name="java.vm.specification.version" value="21"/>
    <property name="sun.java.launcher" value="SUN_STANDARD"/>
    <property name="user.country" value="ES"/>
    <property name="sun.boot.library.path" value="C:\Program Files\Eclipse Adoptium\jdk-21.0.4.7-hotspot\bin"/>
    <property name="sun.java.command" value="C:\Users\abelp\AppData\Local\Temp\surefire404456135553549364\surefirebooter-20250408164710020_3.jar C:\Users\abelp\AppData\Local\Temp\surefire404456135553549364 2025-04-08T16-47-09_677-jvmRun1 surefire-20250408164710020_1tmp surefire_0-20250408164710020_2tmp"/>
    <property name="jdk.debug" value="release"/>
    <property name="surefire.test.class.path" value="C:\Users\abelp\Desktop\uni\4Uni\2 cuatri\ID\TuteladoJPA-1.2\target\test-classes;C:\Users\abelp\Desktop\uni\4Uni\2 cuatri\ID\TuteladoJPA-1.2\target\classes;C:\Users\abelp\.m2\repository\org\hibernate\hibernate-entitymanager\5.4.21.Final\hibernate-entitymanager-5.4.21.Final.jar;C:\Users\abelp\.m2\repository\org\jboss\logging\jboss-logging\3.3.2.Final\jboss-logging-3.3.2.Final.jar;C:\Users\abelp\.m2\repository\org\hibernate\hibernate-core\5.4.21.Final\hibernate-core-5.4.21.Final.jar;C:\Users\abelp\.m2\repository\org\javassist\javassist\3.24.0-GA\javassist-3.24.0-GA.jar;C:\Users\abelp\.m2\repository\antlr\antlr\2.7.7\antlr-2.7.7.jar;C:\Users\abelp\.m2\repository\org\jboss\jandex\2.1.3.Final\jandex-2.1.3.Final.jar;C:\Users\abelp\.m2\repository\com\fasterxml\classmate\1.5.1\classmate-1.5.1.jar;C:\Users\abelp\.m2\repository\org\glassfish\jaxb\jaxb-runtime\2.3.1\jaxb-runtime-2.3.1.jar;C:\Users\abelp\.m2\repository\org\glassfish\jaxb\txw2\2.3.1\txw2-2.3.1.jar;C:\Users\abelp\.m2\repository\com\sun\istack\istack-commons-runtime\3.0.7\istack-commons-runtime-3.0.7.jar;C:\Users\abelp\.m2\repository\org\jvnet\staxex\stax-ex\1.8\stax-ex-1.8.jar;C:\Users\abelp\.m2\repository\com\sun\xml\fastinfoset\FastInfoset\1.2.15\FastInfoset-1.2.15.jar;C:\Users\abelp\.m2\repository\org\dom4j\dom4j\2.1.3\dom4j-2.1.3.jar;C:\Users\abelp\.m2\repository\org\hibernate\common\hibernate-commons-annotations\5.1.0.Final\hibernate-commons-annotations-5.1.0.Final.jar;C:\Users\abelp\.m2\repository\javax\persistence\javax.persistence-api\2.2\javax.persistence-api-2.2.jar;C:\Users\abelp\.m2\repository\net\bytebuddy\byte-buddy\1.10.10\byte-buddy-1.10.10.jar;C:\Users\abelp\.m2\repository\org\jboss\spec\javax\transaction\jboss-transaction-api_1.2_spec\1.1.1.Final\jboss-transaction-api_1.2_spec-1.1.1.Final.jar;C:\Users\abelp\.m2\repository\junit\junit\4.12\junit-4.12.jar;C:\Users\abelp\.m2\repository\org\hamcrest\hamcrest-core\1.3\hamcrest-core-1.3.jar;C:\Users\abelp\.m2\repository\org\postgresql\postgresql\42.5.0\postgresql-42.5.0.jar;C:\Users\abelp\.m2\repository\org\checkerframework\checker-qual\3.5.0\checker-qual-3.5.0.jar;C:\Users\abelp\.m2\repository\javax\xml\bind\jaxb-api\2.3.1\jaxb-api-2.3.1.jar;C:\Users\abelp\.m2\repository\javax\activation\javax.activation-api\1.2.0\javax.activation-api-1.2.0.jar;C:\Users\abelp\.m2\repository\org\apache\logging\log4j\log4j-api\2.12.1\log4j-api-2.12.1.jar;C:\Users\abelp\.m2\repository\org\apache\logging\log4j\log4j-core\2.12.1\log4j-core-2.12.1.jar;"/>
    <property name="sun.cpu.endian" value="little"/>
    <property name="user.home" value="C:\Users\abelp"/>
    <property name="user.language" value="es"/>
    <property name="java.specification.vendor" value="Oracle Corporation"/>
    <property name="java.version.date" value="2024-07-16"/>
    <property name="java.home" value="C:\Program Files\Eclipse Adoptium\jdk-21.0.4.7-hotspot"/>
    <property name="file.separator" value="\"/>
    <property name="basedir" value="C:\Users\abelp\Desktop\uni\4Uni\2 cuatri\ID\TuteladoJPA-1.2"/>
    <property name="java.vm.compressedOopsMode" value="Zero based"/>
    <property name="line.separator" value="&#10;"/>
    <property name="java.vm.specification.vendor" value="Oracle Corporation"/>
    <property name="java.specification.name" value="Java Platform API Specification"/>
    <property name="surefire.real.class.path" value="C:\Users\abelp\AppData\Local\Temp\surefire404456135553549364\surefirebooter-20250408164710020_3.jar"/>
    <property name="user.script" value=""/>
    <property name="sun.management.compiler" value="HotSpot 64-Bit Tiered Compilers"/>
    <property name="java.runtime.version" value="21.0.4+7-LTS"/>
    <property name="user.name" value="abelp"/>
    <property name="stdout.encoding" value="Cp1252"/>
    <property name="path.separator" value=";"/>
    <property name="os.version" value="10.0"/>
    <property name="java.runtime.name" value="OpenJDK Runtime Environment"/>
    <property name="file.encoding" value="UTF-8"/>
    <property name="java.vm.name" value="OpenJDK 64-Bit Server VM"/>
    <property name="java.vendor.version" value="Temurin-21.0.4+7"/>
    <property name="localRepository" value="C:\Users\abelp\.m2\repository"/>
    <property name="java.vendor.url.bug" value="https://github.com/adoptium/adoptium-support/issues"/>
    <property name="java.io.tmpdir" value="C:\Users\abelp\AppData\Local\Temp\"/>
    <property name="java.version" value="21.0.4"/>
    <property name="user.dir" value="C:\Users\abelp\Desktop\uni\4Uni\2 cuatri\ID\TuteladoJPA-1.2"/>
    <property name="os.arch" value="amd64"/>
    <property name="java.vm.specification.name" value="Java Virtual Machine Specification"/>
    <property name="sun.os.patch.level" value=""/>
    <property name="native.encoding" value="Cp1252"/>
    <property name="java.library.path" value="C:\Program Files\Eclipse Adoptium\jdk-21.0.4.7-hotspot\bin;C:\WINDOWS\Sun\Java\bin;C:\WINDOWS\system32;C:\WINDOWS;C:\Program Files\Git\mingw64\bin;C:\Program Files\Git\usr\bin;C:\Users\abelp\bin;C:\Program Files (x86)\VMware\VMware Workstation\bin;C:\Program Files\Eclipse Adoptium\jdk-8.0.422.5-hotspot\bin;C:\Program Files\Eclipse Adoptium\jdk-21.0.4.7-hotspot\bin;C:\Program Files\Eclipse Adoptium\jdk-17.0.8.101-hotspot\bin;C:\Program Files\Common Files\Oracle\Java\javapath;C:\Windows\system32;C:\Windows;C:\Windows\System32\Wbem;C:\Windows\System32\WindowsPowerShell\v1.0;C:\Windows\System32\OpenSSH;C:\Program Files (x86)\NVIDIA Corporation\PhysX\Common;C:\Program Files\NVIDIA Corporation\NVIDIA NvDLISR;C:\WINDOWS\system32;C:\WINDOWS;C:\WINDOWS\System32\Wbem;C:\WINDOWS\System32\WindowsPowerShell\v1.0;C:\WINDOWS\System32\OpenSSH;C:\Program Files\Calibre2;C:\Program Files (x86)\Pulse Secure\VC142.CRT\X64;C:\Program Files (x86)\Pulse Secure\VC142.CRT\X86;C:\Program Files (x86)\Common Files\Pulse Secure\TNC Client Plugin;C:\Program Files (x86)\Windows Kits\10\Windows Performance Toolkit;C:\Program Files\Docker\Docker\resources\bin;C:\Program Files\Vagrant\bin;C:\Program Files\Git\cmd;C:\Program Files\dotnet;C:\software\flutter\bin;C:\Program Files\Eclipse Adoptium\jdk-21.0.4.7-hotspot\bin;C:\software\apache-maven-3.9.9\bin;C:\Program Files\MySQL\MySQL Server 8.0\bin;.;C:\Users\abelp\AppData\Local\Programs\Microsoft VS Code\bin;.;C:\software\Oracle\instantclient_21_13;C:\Program Files\PostgreSQL\17\bin;."/>
    <property name="java.vm.info" value="mixed mode, sharing"/>
    <property name="stderr.encoding" value="Cp1252"/>
    <property name="java.vendor" value="Eclipse Adoptium"/>
    <property name="java.vm.version" value="21.0.4+7-LTS"/>
    <property name="sun.io.unicode.encoding" value="UnicodeLittle"/>
    <property name="java.class.version" value="65.0"/>
  </properties>
  <testcase name="test01_Recuperacion" classname="gei.id.tutelado.P01_Usuarios" time="0.209">
    <system-out><![CDATA[[INFO ] gei.id.tutelado - 
[INFO ] gei.id.tutelado - %%%%%%%%%%%%%%%%%%%%%%%%%%%%%%%%%%%%%%%%%%%%%%%%%%%%%%%%%%%%%%%%%%%%%%%%%%%%%%%%%%%%%%%%%%%%%%%%%%%%%%%%%%%%%%%%%%%%%%%%%%%%%%%%%%%%%%%%%
[INFO ] gei.id.tutelado - Iniciando test: test01_Recuperacion
[INFO ] gei.id.tutelado - %%%%%%%%%%%%%%%%%%%%%%%%%%%%%%%%%%%%%%%%%%%%%%%%%%%%%%%%%%%%%%%%%%%%%%%%%%%%%%%%%%%%%%%%%%%%%%%%%%%%%%%%%%%%%%%%%%%%%%%%%%%%%%%%%%%%%%%%%
[INFO ] gei.id.tutelado - 
[INFO ] gei.id.tutelado - Limpando BD --------------------------------------------------------------------------------------------
[INFO ] gei.id.tutelado - 
[INFO ] gei.id.tutelado - Configurando situación de partida do test -----------------------------------------------------------------------
[INFO ] gei.id.tutelado - 
[INFO ] gei.id.tutelado - Inicio do test --------------------------------------------------------------------------------------------------
[INFO ] gei.id.tutelado - Obxectivo: Proba de recuperación desde a BD de usuario (sen entradas asociadas) por nif
				 Casos contemplados:
				 a) Recuperación por nif existente
				 b) Recuperacion por nif inexistente

[INFO ] gei.id.tutelado - Probando recuperacion por nif EXISTENTE --------------------------------------------------
[INFO ] gei.id.tutelado - 
[INFO ] gei.id.tutelado - Probando recuperacion por nif INEXISTENTE -----------------------------------------------
[INFO ] gei.id.tutelado - 
[INFO ] gei.id.tutelado - -----------------------------------------------------------------------------------------------------------------------------------------
[INFO ] gei.id.tutelado - Finalizado test: test01_Recuperacion
[INFO ] gei.id.tutelado - -----------------------------------------------------------------------------------------------------------------------------------------
]]></system-out>
  </testcase>
  <testcase name="test02_Alta" classname="gei.id.tutelado.P01_Usuarios" time="0.028">
    <system-out><![CDATA[[INFO ] gei.id.tutelado - 
[INFO ] gei.id.tutelado - %%%%%%%%%%%%%%%%%%%%%%%%%%%%%%%%%%%%%%%%%%%%%%%%%%%%%%%%%%%%%%%%%%%%%%%%%%%%%%%%%%%%%%%%%%%%%%%%%%%%%%%%%%%%%%%%%%%%%%%%%%%%%%%%%%%%%%%%%
[INFO ] gei.id.tutelado - Iniciando test: test02_Alta
[INFO ] gei.id.tutelado - %%%%%%%%%%%%%%%%%%%%%%%%%%%%%%%%%%%%%%%%%%%%%%%%%%%%%%%%%%%%%%%%%%%%%%%%%%%%%%%%%%%%%%%%%%%%%%%%%%%%%%%%%%%%%%%%%%%%%%%%%%%%%%%%%%%%%%%%%
[INFO ] gei.id.tutelado - 
[INFO ] gei.id.tutelado - Limpando BD --------------------------------------------------------------------------------------------
[INFO ] gei.id.tutelado - 
[INFO ] gei.id.tutelado - Configurando situación de partida do test -----------------------------------------------------------------------
[INFO ] gei.id.tutelado - 
[INFO ] gei.id.tutelado - Inicio do test --------------------------------------------------------------------------------------------------
[INFO ] gei.id.tutelado - Obxectivo: Proba de gravación na BD de novo usuario (sen entradas de log asociadas)

[INFO ] gei.id.tutelado - 
[INFO ] gei.id.tutelado - -----------------------------------------------------------------------------------------------------------------------------------------
[INFO ] gei.id.tutelado - Finalizado test: test02_Alta
[INFO ] gei.id.tutelado - -----------------------------------------------------------------------------------------------------------------------------------------
]]></system-out>
  </testcase>
  <testcase name="test03_Eliminacion" classname="gei.id.tutelado.P01_Usuarios" time="0.037">
    <system-out><![CDATA[[INFO ] gei.id.tutelado - 
[INFO ] gei.id.tutelado - %%%%%%%%%%%%%%%%%%%%%%%%%%%%%%%%%%%%%%%%%%%%%%%%%%%%%%%%%%%%%%%%%%%%%%%%%%%%%%%%%%%%%%%%%%%%%%%%%%%%%%%%%%%%%%%%%%%%%%%%%%%%%%%%%%%%%%%%%
[INFO ] gei.id.tutelado - Iniciando test: test03_Eliminacion
[INFO ] gei.id.tutelado - %%%%%%%%%%%%%%%%%%%%%%%%%%%%%%%%%%%%%%%%%%%%%%%%%%%%%%%%%%%%%%%%%%%%%%%%%%%%%%%%%%%%%%%%%%%%%%%%%%%%%%%%%%%%%%%%%%%%%%%%%%%%%%%%%%%%%%%%%
[INFO ] gei.id.tutelado - 
[INFO ] gei.id.tutelado - Limpando BD --------------------------------------------------------------------------------------------
[INFO ] gei.id.tutelado - 
[INFO ] gei.id.tutelado - Configurando situación de partida do test -----------------------------------------------------------------------
[INFO ] gei.id.tutelado - 
[INFO ] gei.id.tutelado - Inicio do test --------------------------------------------------------------------------------------------------
[INFO ] gei.id.tutelado - Obxectivo: Proba de eliminación da BD de usuario sen entradas asociadas

[INFO ] gei.id.tutelado - 
[INFO ] gei.id.tutelado - -----------------------------------------------------------------------------------------------------------------------------------------
[INFO ] gei.id.tutelado - Finalizado test: test03_Eliminacion
[INFO ] gei.id.tutelado - -----------------------------------------------------------------------------------------------------------------------------------------
]]></system-out>
  </testcase>
  <testcase name="test04_Modificacion" classname="gei.id.tutelado.P01_Usuarios" time="0.039">
    <system-out><![CDATA[[INFO ] gei.id.tutelado - 
[INFO ] gei.id.tutelado - %%%%%%%%%%%%%%%%%%%%%%%%%%%%%%%%%%%%%%%%%%%%%%%%%%%%%%%%%%%%%%%%%%%%%%%%%%%%%%%%%%%%%%%%%%%%%%%%%%%%%%%%%%%%%%%%%%%%%%%%%%%%%%%%%%%%%%%%%
[INFO ] gei.id.tutelado - Iniciando test: test04_Modificacion
[INFO ] gei.id.tutelado - %%%%%%%%%%%%%%%%%%%%%%%%%%%%%%%%%%%%%%%%%%%%%%%%%%%%%%%%%%%%%%%%%%%%%%%%%%%%%%%%%%%%%%%%%%%%%%%%%%%%%%%%%%%%%%%%%%%%%%%%%%%%%%%%%%%%%%%%%
[INFO ] gei.id.tutelado - 
[INFO ] gei.id.tutelado - Limpando BD --------------------------------------------------------------------------------------------
[INFO ] gei.id.tutelado - 
[INFO ] gei.id.tutelado - Configurando situación de partida do test -----------------------------------------------------------------------
[INFO ] gei.id.tutelado - 
[INFO ] gei.id.tutelado - Inicio do test --------------------------------------------------------------------------------------------------
[INFO ] gei.id.tutelado - Obxectivo: Proba de modificación da información básica dun usuario sen entradas de log

[INFO ] gei.id.tutelado - 
[INFO ] gei.id.tutelado - -----------------------------------------------------------------------------------------------------------------------------------------
[INFO ] gei.id.tutelado - Finalizado test: test04_Modificacion
[INFO ] gei.id.tutelado - -----------------------------------------------------------------------------------------------------------------------------------------
]]></system-out>
  </testcase>
  <testcase name="test01_Recuperacion" classname="gei.id.tutelado.P02_Usuarios_Entradas" time="0.067">
    <system-out><![CDATA[[INFO ] gei.id.tutelado - 
[INFO ] gei.id.tutelado - %%%%%%%%%%%%%%%%%%%%%%%%%%%%%%%%%%%%%%%%%%%%%%%%%%%%%%%%%%%%%%%%%%%%%%%%%%%%%%%%%%%%%%%%%%%%%%%%%%%%%%%%%%%%%%%%%%%%%%%%%%%%%%%%%%%%%%%%%
[INFO ] gei.id.tutelado - Iniciando test: test01_Recuperacion
[INFO ] gei.id.tutelado - %%%%%%%%%%%%%%%%%%%%%%%%%%%%%%%%%%%%%%%%%%%%%%%%%%%%%%%%%%%%%%%%%%%%%%%%%%%%%%%%%%%%%%%%%%%%%%%%%%%%%%%%%%%%%%%%%%%%%%%%%%%%%%%%%%%%%%%%%
[INFO ] gei.id.tutelado - 
[INFO ] gei.id.tutelado - Limpando BD -----------------------------------------------------------------------------------------------------
[INFO ] gei.id.tutelado - 
[INFO ] gei.id.tutelado - Configurando situación de partida do test -----------------------------------------------------------------------
[INFO ] gei.id.tutelado - Inicio do test --------------------------------------------------------------------------------------------------
[INFO ] gei.id.tutelado - Obxectivo: Proba da recuperación (por codigo) de entradas de log soltas
				 Casos contemplados:
				 a) Recuperación por codigo existente
				 b) Recuperacion por codigo inexistente

[INFO ] gei.id.tutelado - Probando recuperacion por codigo EXISTENTE --------------------------------------------------
[INFO ] gei.id.tutelado - 
[INFO ] gei.id.tutelado - Probando recuperacion por codigo INEXISTENTE --------------------------------------------------
[INFO ] gei.id.tutelado - 
[INFO ] gei.id.tutelado - -----------------------------------------------------------------------------------------------------------------------------------------
[INFO ] gei.id.tutelado - Finalizado test: test01_Recuperacion
[INFO ] gei.id.tutelado - -----------------------------------------------------------------------------------------------------------------------------------------
]]></system-out>
  </testcase>
  <testcase name="test02_Alta" classname="gei.id.tutelado.P02_Usuarios_Entradas" time="0.017">
    <system-out><![CDATA[[INFO ] gei.id.tutelado - 
[INFO ] gei.id.tutelado - %%%%%%%%%%%%%%%%%%%%%%%%%%%%%%%%%%%%%%%%%%%%%%%%%%%%%%%%%%%%%%%%%%%%%%%%%%%%%%%%%%%%%%%%%%%%%%%%%%%%%%%%%%%%%%%%%%%%%%%%%%%%%%%%%%%%%%%%%
[INFO ] gei.id.tutelado - Iniciando test: test02_Alta
[INFO ] gei.id.tutelado - %%%%%%%%%%%%%%%%%%%%%%%%%%%%%%%%%%%%%%%%%%%%%%%%%%%%%%%%%%%%%%%%%%%%%%%%%%%%%%%%%%%%%%%%%%%%%%%%%%%%%%%%%%%%%%%%%%%%%%%%%%%%%%%%%%%%%%%%%
[INFO ] gei.id.tutelado - 
[INFO ] gei.id.tutelado - Limpando BD -----------------------------------------------------------------------------------------------------
[INFO ] gei.id.tutelado - 
[INFO ] gei.id.tutelado - Configurando situación de partida do test -----------------------------------------------------------------------
[INFO ] gei.id.tutelado - 
[INFO ] gei.id.tutelado - Inicio do test --------------------------------------------------------------------------------------------------
[INFO ] gei.id.tutelado - Obxectivo: Proba da gravación de entradas de log soltas
				 Casos contemplados:
				 a) Primeira entrada de log vinculada a un usuario
				 b) Nova entrada de log para un usuario con entradas previas

[INFO ] gei.id.tutelado - 
[INFO ] gei.id.tutelado - Gravando primeira entrada de log dun usuario --------------------------------------------------------------------
[INFO ] gei.id.tutelado - 
[INFO ] gei.id.tutelado - Gravando segunda entrada de log dun usuario ---------------------------------------------------------------------
[INFO ] gei.id.tutelado - 
[INFO ] gei.id.tutelado - -----------------------------------------------------------------------------------------------------------------------------------------
[INFO ] gei.id.tutelado - Finalizado test: test02_Alta
[INFO ] gei.id.tutelado - -----------------------------------------------------------------------------------------------------------------------------------------
]]></system-out>
  </testcase>
  <testcase name="test03_Eliminacion" classname="gei.id.tutelado.P02_Usuarios_Entradas" time="0.014">
    <system-out><![CDATA[[INFO ] gei.id.tutelado - 
[INFO ] gei.id.tutelado - %%%%%%%%%%%%%%%%%%%%%%%%%%%%%%%%%%%%%%%%%%%%%%%%%%%%%%%%%%%%%%%%%%%%%%%%%%%%%%%%%%%%%%%%%%%%%%%%%%%%%%%%%%%%%%%%%%%%%%%%%%%%%%%%%%%%%%%%%
[INFO ] gei.id.tutelado - Iniciando test: test03_Eliminacion
[INFO ] gei.id.tutelado - %%%%%%%%%%%%%%%%%%%%%%%%%%%%%%%%%%%%%%%%%%%%%%%%%%%%%%%%%%%%%%%%%%%%%%%%%%%%%%%%%%%%%%%%%%%%%%%%%%%%%%%%%%%%%%%%%%%%%%%%%%%%%%%%%%%%%%%%%
[INFO ] gei.id.tutelado - 
[INFO ] gei.id.tutelado - Limpando BD -----------------------------------------------------------------------------------------------------
[INFO ] gei.id.tutelado - 
[INFO ] gei.id.tutelado - Configurando situación de partida do test -----------------------------------------------------------------------
[INFO ] gei.id.tutelado - 
[INFO ] gei.id.tutelado - Inicio do test --------------------------------------------------------------------------------------------------
[INFO ] gei.id.tutelado - Obxectivo: Proba de eliminación de entrada de log solta (asignada a usuario)

[INFO ] gei.id.tutelado - 
[INFO ] gei.id.tutelado - -----------------------------------------------------------------------------------------------------------------------------------------
[INFO ] gei.id.tutelado - Finalizado test: test03_Eliminacion
[INFO ] gei.id.tutelado - -----------------------------------------------------------------------------------------------------------------------------------------
]]></system-out>
  </testcase>
  <testcase name="test04_Modificacion" classname="gei.id.tutelado.P02_Usuarios_Entradas" time="0.016">
    <system-out><![CDATA[[INFO ] gei.id.tutelado - 
[INFO ] gei.id.tutelado - %%%%%%%%%%%%%%%%%%%%%%%%%%%%%%%%%%%%%%%%%%%%%%%%%%%%%%%%%%%%%%%%%%%%%%%%%%%%%%%%%%%%%%%%%%%%%%%%%%%%%%%%%%%%%%%%%%%%%%%%%%%%%%%%%%%%%%%%%
[INFO ] gei.id.tutelado - Iniciando test: test04_Modificacion
[INFO ] gei.id.tutelado - %%%%%%%%%%%%%%%%%%%%%%%%%%%%%%%%%%%%%%%%%%%%%%%%%%%%%%%%%%%%%%%%%%%%%%%%%%%%%%%%%%%%%%%%%%%%%%%%%%%%%%%%%%%%%%%%%%%%%%%%%%%%%%%%%%%%%%%%%
[INFO ] gei.id.tutelado - 
[INFO ] gei.id.tutelado - Limpando BD -----------------------------------------------------------------------------------------------------
[INFO ] gei.id.tutelado - 
[INFO ] gei.id.tutelado - Configurando situación de partida do test -----------------------------------------------------------------------
[INFO ] gei.id.tutelado - 
[INFO ] gei.id.tutelado - Inicio do test --------------------------------------------------------------------------------------------------
[INFO ] gei.id.tutelado - Obxectivo: Proba de modificación da información dunha entrada de log solta

[INFO ] gei.id.tutelado - 
[INFO ] gei.id.tutelado - -----------------------------------------------------------------------------------------------------------------------------------------
[INFO ] gei.id.tutelado - Finalizado test: test04_Modificacion
[INFO ] gei.id.tutelado - -----------------------------------------------------------------------------------------------------------------------------------------
]]></system-out>
  </testcase>
  <testcase name="test05_LAZY" classname="gei.id.tutelado.P02_Usuarios_Entradas" time="0.017">
    <system-out><![CDATA[[INFO ] gei.id.tutelado - 
[INFO ] gei.id.tutelado - %%%%%%%%%%%%%%%%%%%%%%%%%%%%%%%%%%%%%%%%%%%%%%%%%%%%%%%%%%%%%%%%%%%%%%%%%%%%%%%%%%%%%%%%%%%%%%%%%%%%%%%%%%%%%%%%%%%%%%%%%%%%%%%%%%%%%%%%%
[INFO ] gei.id.tutelado - Iniciando test: test05_LAZY
[INFO ] gei.id.tutelado - %%%%%%%%%%%%%%%%%%%%%%%%%%%%%%%%%%%%%%%%%%%%%%%%%%%%%%%%%%%%%%%%%%%%%%%%%%%%%%%%%%%%%%%%%%%%%%%%%%%%%%%%%%%%%%%%%%%%%%%%%%%%%%%%%%%%%%%%%
[INFO ] gei.id.tutelado - 
[INFO ] gei.id.tutelado - Limpando BD -----------------------------------------------------------------------------------------------------
[INFO ] gei.id.tutelado - 
[INFO ] gei.id.tutelado - Configurando situación de partida do test -----------------------------------------------------------------------
[INFO ] gei.id.tutelado - Inicio do test --------------------------------------------------------------------------------------------------
[INFO ] gei.id.tutelado - Obxectivo: Proba da recuperación de propiedades LAZY
				 Casos contemplados:
				 a) Recuperación de usuario con colección (LAZY) de entradas de log 
				 b) Carga forzada de colección LAZY da dita coleccion
				 c) Recuperacion de entrada de log solta con referencia (EAGER) a usuario

[INFO ] gei.id.tutelado - Probando (excepcion tras) recuperacion LAZY ---------------------------------------------------------------------
[INFO ] gei.id.tutelado - Acceso a entradas de log de usuario
[INFO ] gei.id.tutelado - org.hibernate.LazyInitializationException
[INFO ] gei.id.tutelado - 
[INFO ] gei.id.tutelado - Probando carga forzada de coleccion LAZY ------------------------------------------------------------------------
[INFO ] gei.id.tutelado - 
[INFO ] gei.id.tutelado - -----------------------------------------------------------------------------------------------------------------------------------------
[INFO ] gei.id.tutelado - Finalizado test: test05_LAZY
[INFO ] gei.id.tutelado - -----------------------------------------------------------------------------------------------------------------------------------------
]]></system-out>
  </testcase>
  <testcase name="test06_EAGER" classname="gei.id.tutelado.P02_Usuarios_Entradas" time="0.012">
    <system-out><![CDATA[[INFO ] gei.id.tutelado - 
[INFO ] gei.id.tutelado - %%%%%%%%%%%%%%%%%%%%%%%%%%%%%%%%%%%%%%%%%%%%%%%%%%%%%%%%%%%%%%%%%%%%%%%%%%%%%%%%%%%%%%%%%%%%%%%%%%%%%%%%%%%%%%%%%%%%%%%%%%%%%%%%%%%%%%%%%
[INFO ] gei.id.tutelado - Iniciando test: test06_EAGER
[INFO ] gei.id.tutelado - %%%%%%%%%%%%%%%%%%%%%%%%%%%%%%%%%%%%%%%%%%%%%%%%%%%%%%%%%%%%%%%%%%%%%%%%%%%%%%%%%%%%%%%%%%%%%%%%%%%%%%%%%%%%%%%%%%%%%%%%%%%%%%%%%%%%%%%%%
[INFO ] gei.id.tutelado - 
[INFO ] gei.id.tutelado - Limpando BD -----------------------------------------------------------------------------------------------------
[INFO ] gei.id.tutelado - 
[INFO ] gei.id.tutelado - Configurando situación de partida do test -----------------------------------------------------------------------
[INFO ] gei.id.tutelado - Inicio do test --------------------------------------------------------------------------------------------------
[INFO ] gei.id.tutelado - Obxectivo: Proba da recuperación de propiedades EAGER

[INFO ] gei.id.tutelado - Probando (que non hai excepcion tras) acceso inicial a propiedade EAGER fora de sesion ----------------------------------------
[INFO ] gei.id.tutelado - Acceso a usuario de entrada de log
[INFO ] gei.id.tutelado - 
[INFO ] gei.id.tutelado - -----------------------------------------------------------------------------------------------------------------------------------------
[INFO ] gei.id.tutelado - Finalizado test: test06_EAGER
[INFO ] gei.id.tutelado - -----------------------------------------------------------------------------------------------------------------------------------------
]]></system-out>
  </testcase>
  <testcase name="test07_Propagacion_Remove" classname="gei.id.tutelado.P02_Usuarios_Entradas" time="0.017">
    <system-out><![CDATA[[INFO ] gei.id.tutelado - 
[INFO ] gei.id.tutelado - %%%%%%%%%%%%%%%%%%%%%%%%%%%%%%%%%%%%%%%%%%%%%%%%%%%%%%%%%%%%%%%%%%%%%%%%%%%%%%%%%%%%%%%%%%%%%%%%%%%%%%%%%%%%%%%%%%%%%%%%%%%%%%%%%%%%%%%%%
[INFO ] gei.id.tutelado - Iniciando test: test07_Propagacion_Remove
[INFO ] gei.id.tutelado - %%%%%%%%%%%%%%%%%%%%%%%%%%%%%%%%%%%%%%%%%%%%%%%%%%%%%%%%%%%%%%%%%%%%%%%%%%%%%%%%%%%%%%%%%%%%%%%%%%%%%%%%%%%%%%%%%%%%%%%%%%%%%%%%%%%%%%%%%
[INFO ] gei.id.tutelado - 
[INFO ] gei.id.tutelado - Limpando BD -----------------------------------------------------------------------------------------------------
[INFO ] gei.id.tutelado - 
[INFO ] gei.id.tutelado - Configurando situación de partida do test -----------------------------------------------------------------------
[INFO ] gei.id.tutelado - 
[INFO ] gei.id.tutelado - Inicio do test --------------------------------------------------------------------------------------------------
[INFO ] gei.id.tutelado - Obxectivo: Proba de eliminación de de usuario con entradas de log asociadas

[INFO ] gei.id.tutelado - 
[INFO ] gei.id.tutelado - -----------------------------------------------------------------------------------------------------------------------------------------
[INFO ] gei.id.tutelado - Finalizado test: test07_Propagacion_Remove
[INFO ] gei.id.tutelado - -----------------------------------------------------------------------------------------------------------------------------------------
]]></system-out>
  </testcase>
  <testcase name="test08_INNER_JOIN" classname="gei.id.tutelado.P03_Consultas" time="0.18">
    <system-out><![CDATA[[INFO ] gei.id.tutelado - 
[INFO ] gei.id.tutelado - %%%%%%%%%%%%%%%%%%%%%%%%%%%%%%%%%%%%%%%%%%%%%%%%%%%%%%%%%%%%%%%%%%%%%%%%%%%%%%%%%%%%%%%%%%%%%%%%%%%%%%%%%%%%%%%%%%%%%%%%%%%%%%%%%%%%%%%%%
[INFO ] gei.id.tutelado - Iniciando test: test08_INNER_JOIN
[INFO ] gei.id.tutelado - %%%%%%%%%%%%%%%%%%%%%%%%%%%%%%%%%%%%%%%%%%%%%%%%%%%%%%%%%%%%%%%%%%%%%%%%%%%%%%%%%%%%%%%%%%%%%%%%%%%%%%%%%%%%%%%%%%%%%%%%%%%%%%%%%%%%%%%%%
[INFO ] gei.id.tutelado - 
[INFO ] gei.id.tutelado - Limpando BD -----------------------------------------------------------------------------------------------------
[INFO ] gei.id.tutelado - 
[INFO ] gei.id.tutelado - Configurando situación de partida do test -----------------------------------------------------------------------
[INFO ] gei.id.tutelado - 
[INFO ] gei.id.tutelado - Inicio do test --------------------------------------------------------------------------------------------------
[INFO ] gei.id.tutelado - Obxectivo: Proba da consulta EntradaLog.recuperaTodasUsuario

[INFO ] gei.id.tutelado - 
[INFO ] gei.id.tutelado - -----------------------------------------------------------------------------------------------------------------------------------------
[INFO ] gei.id.tutelado - Finalizado test: test08_INNER_JOIN
[INFO ] gei.id.tutelado - -----------------------------------------------------------------------------------------------------------------------------------------
]]></system-out>
  </testcase>
</testsuite>