<?xml version="1.0" encoding="UTF-8"?>
<testsuite xmlns:xsi="http://www.w3.org/2001/XMLSchema-instance" xsi:noNamespaceSchemaLocation="https://maven.apache.org/surefire/maven-surefire-plugin/xsd/surefire-test-report-3.0.xsd" version="3.0" name="gei.id.tutelado.AllTests" time="5.821" tests="19" errors="0" skipped="0" failures="0">
  <properties>
    <property name="java.specification.version" value="24"/>
    <property name="sun.jnu.encoding" value="UTF-8"/>
    <property name="java.class.path" value="/home/jaime/Documents/ID/Practicas/TT/TrabajoJPA/target/test-classes:/home/jaime/Documents/ID/Practicas/TT/TrabajoJPA/target/classes:/home/jaime/.m2/repository/org/hibernate/hibernate-entitymanager/5.4.21.Final/hibernate-entitymanager-5.4.21.Final.jar:/home/jaime/.m2/repository/org/jboss/logging/jboss-logging/3.3.2.Final/jboss-logging-3.3.2.Final.jar:/home/jaime/.m2/repository/org/hibernate/hibernate-core/5.4.21.Final/hibernate-core-5.4.21.Final.jar:/home/jaime/.m2/repository/org/javassist/javassist/3.24.0-GA/javassist-3.24.0-GA.jar:/home/jaime/.m2/repository/antlr/antlr/2.7.7/antlr-2.7.7.jar:/home/jaime/.m2/repository/org/jboss/jandex/2.1.3.Final/jandex-2.1.3.Final.jar:/home/jaime/.m2/repository/com/fasterxml/classmate/1.5.1/classmate-1.5.1.jar:/home/jaime/.m2/repository/org/glassfish/jaxb/jaxb-runtime/2.3.1/jaxb-runtime-2.3.1.jar:/home/jaime/.m2/repository/org/glassfish/jaxb/txw2/2.3.1/txw2-2.3.1.jar:/home/jaime/.m2/repository/com/sun/istack/istack-commons-runtime/3.0.7/istack-commons-runtime-3.0.7.jar:/home/jaime/.m2/repository/org/jvnet/staxex/stax-ex/1.8/stax-ex-1.8.jar:/home/jaime/.m2/repository/com/sun/xml/fastinfoset/FastInfoset/1.2.15/FastInfoset-1.2.15.jar:/home/jaime/.m2/repository/org/dom4j/dom4j/2.1.3/dom4j-2.1.3.jar:/home/jaime/.m2/repository/org/hibernate/common/hibernate-commons-annotations/5.1.0.Final/hibernate-commons-annotations-5.1.0.Final.jar:/home/jaime/.m2/repository/javax/persistence/javax.persistence-api/2.2/javax.persistence-api-2.2.jar:/home/jaime/.m2/repository/net/bytebuddy/byte-buddy/1.10.10/byte-buddy-1.10.10.jar:/home/jaime/.m2/repository/org/jboss/spec/javax/transaction/jboss-transaction-api_1.2_spec/1.1.1.Final/jboss-transaction-api_1.2_spec-1.1.1.Final.jar:/home/jaime/.m2/repository/junit/junit/4.12/junit-4.12.jar:/home/jaime/.m2/repository/org/hamcrest/hamcrest-core/1.3/hamcrest-core-1.3.jar:/home/jaime/.m2/repository/org/postgresql/postgresql/42.5.0/postgresql-42.5.0.jar:/home/jaime/.m2/repository/org/checkerframework/checker-qual/3.5.0/checker-qual-3.5.0.jar:/home/jaime/.m2/repository/javax/xml/bind/jaxb-api/2.3.1/jaxb-api-2.3.1.jar:/home/jaime/.m2/repository/javax/activation/javax.activation-api/1.2.0/javax.activation-api-1.2.0.jar:/home/jaime/.m2/repository/org/apache/logging/log4j/log4j-api/2.12.1/log4j-api-2.12.1.jar:/home/jaime/.m2/repository/org/apache/logging/log4j/log4j-core/2.12.1/log4j-core-2.12.1.jar:"/>
    <property name="java.vm.vendor" value="Oracle Corporation"/>
    <property name="sun.arch.data.model" value="64"/>
    <property name="java.vendor.url" value="https://java.oracle.com/"/>
    <property name="os.name" value="Linux"/>
    <property name="java.vm.specification.version" value="24"/>
    <property name="sun.java.launcher" value="SUN_STANDARD"/>
    <property name="user.country" value="US"/>
    <property name="sun.boot.library.path" value="/home/jaime/jdk-24/lib"/>
    <property name="sun.java.command" value="/home/jaime/Documents/ID/Practicas/TT/TrabajoJPA/target/surefire/surefirebooter-20250410155634616_3.jar /home/jaime/Documents/ID/Practicas/TT/TrabajoJPA/target/surefire 2025-04-10T15-56-34_479-jvmRun1 surefire-20250410155634616_1tmp surefire_0-20250410155634616_2tmp"/>
    <property name="jdk.debug" value="release"/>
    <property name="surefire.test.class.path" value="/home/jaime/Documents/ID/Practicas/TT/TrabajoJPA/target/test-classes:/home/jaime/Documents/ID/Practicas/TT/TrabajoJPA/target/classes:/home/jaime/.m2/repository/org/hibernate/hibernate-entitymanager/5.4.21.Final/hibernate-entitymanager-5.4.21.Final.jar:/home/jaime/.m2/repository/org/jboss/logging/jboss-logging/3.3.2.Final/jboss-logging-3.3.2.Final.jar:/home/jaime/.m2/repository/org/hibernate/hibernate-core/5.4.21.Final/hibernate-core-5.4.21.Final.jar:/home/jaime/.m2/repository/org/javassist/javassist/3.24.0-GA/javassist-3.24.0-GA.jar:/home/jaime/.m2/repository/antlr/antlr/2.7.7/antlr-2.7.7.jar:/home/jaime/.m2/repository/org/jboss/jandex/2.1.3.Final/jandex-2.1.3.Final.jar:/home/jaime/.m2/repository/com/fasterxml/classmate/1.5.1/classmate-1.5.1.jar:/home/jaime/.m2/repository/org/glassfish/jaxb/jaxb-runtime/2.3.1/jaxb-runtime-2.3.1.jar:/home/jaime/.m2/repository/org/glassfish/jaxb/txw2/2.3.1/txw2-2.3.1.jar:/home/jaime/.m2/repository/com/sun/istack/istack-commons-runtime/3.0.7/istack-commons-runtime-3.0.7.jar:/home/jaime/.m2/repository/org/jvnet/staxex/stax-ex/1.8/stax-ex-1.8.jar:/home/jaime/.m2/repository/com/sun/xml/fastinfoset/FastInfoset/1.2.15/FastInfoset-1.2.15.jar:/home/jaime/.m2/repository/org/dom4j/dom4j/2.1.3/dom4j-2.1.3.jar:/home/jaime/.m2/repository/org/hibernate/common/hibernate-commons-annotations/5.1.0.Final/hibernate-commons-annotations-5.1.0.Final.jar:/home/jaime/.m2/repository/javax/persistence/javax.persistence-api/2.2/javax.persistence-api-2.2.jar:/home/jaime/.m2/repository/net/bytebuddy/byte-buddy/1.10.10/byte-buddy-1.10.10.jar:/home/jaime/.m2/repository/org/jboss/spec/javax/transaction/jboss-transaction-api_1.2_spec/1.1.1.Final/jboss-transaction-api_1.2_spec-1.1.1.Final.jar:/home/jaime/.m2/repository/junit/junit/4.12/junit-4.12.jar:/home/jaime/.m2/repository/org/hamcrest/hamcrest-core/1.3/hamcrest-core-1.3.jar:/home/jaime/.m2/repository/org/postgresql/postgresql/42.5.0/postgresql-42.5.0.jar:/home/jaime/.m2/repository/org/checkerframework/checker-qual/3.5.0/checker-qual-3.5.0.jar:/home/jaime/.m2/repository/javax/xml/bind/jaxb-api/2.3.1/jaxb-api-2.3.1.jar:/home/jaime/.m2/repository/javax/activation/javax.activation-api/1.2.0/javax.activation-api-1.2.0.jar:/home/jaime/.m2/repository/org/apache/logging/log4j/log4j-api/2.12.1/log4j-api-2.12.1.jar:/home/jaime/.m2/repository/org/apache/logging/log4j/log4j-core/2.12.1/log4j-core-2.12.1.jar:"/>
    <property name="sun.cpu.endian" value="little"/>
    <property name="user.home" value="/home/jaime"/>
    <property name="user.language" value="en"/>
    <property name="java.specification.vendor" value="Oracle Corporation"/>
    <property name="java.version.date" value="2025-03-18"/>
    <property name="java.home" value="/home/jaime/jdk-24"/>
    <property name="file.separator" value="/"/>
    <property name="basedir" value="/home/jaime/Documents/ID/Practicas/TT/TrabajoJPA"/>
    <property name="java.vm.compressedOopsMode" value="Zero based"/>
    <property name="line.separator" value="&#10;"/>
    <property name="java.specification.name" value="Java Platform API Specification"/>
    <property name="java.vm.specification.vendor" value="Oracle Corporation"/>
    <property name="surefire.real.class.path" value="/home/jaime/Documents/ID/Practicas/TT/TrabajoJPA/target/surefire/surefirebooter-20250410155634616_3.jar"/>
    <property name="sun.management.compiler" value="HotSpot 64-Bit Tiered Compilers"/>
    <property name="java.runtime.version" value="24+36-3646"/>
    <property name="user.name" value="jaime"/>
    <property name="stdout.encoding" value="UTF-8"/>
    <property name="path.separator" value=":"/>
    <property name="os.version" value="6.11.0-21-generic"/>
    <property name="java.runtime.name" value="Java(TM) SE Runtime Environment"/>
    <property name="file.encoding" value="UTF-8"/>
    <property name="java.vm.name" value="Java HotSpot(TM) 64-Bit Server VM"/>
    <property name="localRepository" value="/home/jaime/.m2/repository"/>
    <property name="java.vendor.url.bug" value="https://bugreport.java.com/bugreport/"/>
    <property name="java.io.tmpdir" value="/tmp"/>
    <property name="java.version" value="24"/>
    <property name="user.dir" value="/home/jaime/Documents/ID/Practicas/TT/TrabajoJPA"/>
    <property name="os.arch" value="amd64"/>
    <property name="java.vm.specification.name" value="Java Virtual Machine Specification"/>
    <property name="native.encoding" value="UTF-8"/>
    <property name="java.library.path" value="/usr/java/packages/lib:/usr/lib64:/lib64:/lib:/usr/lib"/>
    <property name="java.vm.info" value="mixed mode, sharing"/>
    <property name="stderr.encoding" value="UTF-8"/>
    <property name="java.vendor" value="Oracle Corporation"/>
    <property name="java.vm.version" value="24+36-3646"/>
    <property name="sun.io.unicode.encoding" value="UnicodeLittle"/>
    <property name="java.class.version" value="68.0"/>
  </properties>
  <testcase name="test02_Alta" classname="gei.id.tutelado.P01_PersonaFisica" time="0.401">
    <system-out><![CDATA[&amp#27;[32m[INFO ] gei.id.tutelado - 
&amp#27;[m&amp#27;[32m[INFO ] gei.id.tutelado - %%%%%%%%%%%%%%%%%%%%%%%%%%%%%%%%%%%%%%%%%%%%%%%%%%%%%%%%%%%%%%%%%%%%%%%%%%%%%%%%%%%%%%%%%%%%%%%%%%%%%%%%%%%%%%%%%%%%%%%%%%%%%%%%%%%%%%%%%
&amp#27;[m&amp#27;[32m[INFO ] gei.id.tutelado - Iniciando test: test02_Alta
&amp#27;[m&amp#27;[32m[INFO ] gei.id.tutelado - %%%%%%%%%%%%%%%%%%%%%%%%%%%%%%%%%%%%%%%%%%%%%%%%%%%%%%%%%%%%%%%%%%%%%%%%%%%%%%%%%%%%%%%%%%%%%%%%%%%%%%%%%%%%%%%%%%%%%%%%%%%%%%%%%%%%%%%%%
&amp#27;[m&amp#27;[32m[INFO ] gei.id.tutelado - 
&amp#27;[m&amp#27;[32m[INFO ] gei.id.tutelado - Limpando BD --------------------------------------------------------------------------------------------
&amp#27;[m&amp#27;[32m[INFO ] gei.id.tutelado - 
&amp#27;[m&amp#27;[32m[INFO ] gei.id.tutelado - Configurando situaciÃ³n de partida do test -----------------------------------------------------------------------
&amp#27;[m&amp#27;[32m[INFO ] gei.id.tutelado - 
&amp#27;[m&amp#27;[32m[INFO ] gei.id.tutelado - Inicio do test --------------------------------------------------------------------------------------------------
&amp#27;[m&amp#27;[32m[INFO ] gei.id.tutelado - Obxectivo: Proba de gravaciÃ³n na BD de nova persoa fÃ­sica.

&amp#27;[m&amp#27;[32m[INFO ] gei.id.tutelado - 
&amp#27;[m&amp#27;[32m[INFO ] gei.id.tutelado - -----------------------------------------------------------------------------------------------------------------------------------------
&amp#27;[m&amp#27;[32m[INFO ] gei.id.tutelado - Finalizado test: test02_Alta
&amp#27;[m&amp#27;[32m[INFO ] gei.id.tutelado - -----------------------------------------------------------------------------------------------------------------------------------------
&amp#27;[m]]></system-out>
  </testcase>
  <testcase name="test05_LAZY" classname="gei.id.tutelado.P01_PersonaFisica" time="0.191">
    <system-out><![CDATA[&amp#27;[32m[INFO ] gei.id.tutelado - 
&amp#27;[m&amp#27;[32m[INFO ] gei.id.tutelado - %%%%%%%%%%%%%%%%%%%%%%%%%%%%%%%%%%%%%%%%%%%%%%%%%%%%%%%%%%%%%%%%%%%%%%%%%%%%%%%%%%%%%%%%%%%%%%%%%%%%%%%%%%%%%%%%%%%%%%%%%%%%%%%%%%%%%%%%%
&amp#27;[m&amp#27;[32m[INFO ] gei.id.tutelado - Iniciando test: test05_LAZY
&amp#27;[m&amp#27;[32m[INFO ] gei.id.tutelado - %%%%%%%%%%%%%%%%%%%%%%%%%%%%%%%%%%%%%%%%%%%%%%%%%%%%%%%%%%%%%%%%%%%%%%%%%%%%%%%%%%%%%%%%%%%%%%%%%%%%%%%%%%%%%%%%%%%%%%%%%%%%%%%%%%%%%%%%%
&amp#27;[m&amp#27;[32m[INFO ] gei.id.tutelado - 
&amp#27;[m&amp#27;[32m[INFO ] gei.id.tutelado - Limpando BD --------------------------------------------------------------------------------------------
&amp#27;[m&amp#27;[32m[INFO ] gei.id.tutelado - 
&amp#27;[m&amp#27;[32m[INFO ] gei.id.tutelado - Configurando situaciÃ³n de partida do test -----------------------------------------------------------------------
&amp#27;[m&amp#27;[32m[INFO ] gei.id.tutelado - Inicio do test --------------------------------------------------------------------------------------------------
&amp#27;[m&amp#27;[32m[INFO ] gei.id.tutelado - Obxectivo: Proba da recuperaciÃ³n de propiedades LAZY
				 Casos contemplados:
				 a) RecuperaciÃ³n de usuario con colecciÃ³n (LAZY) de entradas de log 
				 b) Carga forzada de colecciÃ³n LAZY da dita coleccion
				 c) Recuperacion de entrada de log solta con referencia (EAGER) a usuario

&amp#27;[m&amp#27;[32m[INFO ] gei.id.tutelado - Probando (excepcion tras) recuperacion LAZY ---------------------------------------------------------------------
&amp#27;[m&amp#27;[32m[INFO ] gei.id.tutelado - Acceso a entradas de log de usuario
&amp#27;[m&amp#27;[32m[INFO ] gei.id.tutelado - org.hibernate.LazyInitializationException
&amp#27;[m&amp#27;[32m[INFO ] gei.id.tutelado - 
&amp#27;[m&amp#27;[32m[INFO ] gei.id.tutelado - Probando carga forzada de coleccion LAZY ------------------------------------------------------------------------
&amp#27;[m&amp#27;[32m[INFO ] gei.id.tutelado - 
&amp#27;[m&amp#27;[32m[INFO ] gei.id.tutelado - -----------------------------------------------------------------------------------------------------------------------------------------
&amp#27;[m&amp#27;[32m[INFO ] gei.id.tutelado - Finalizado test: test05_LAZY
&amp#27;[m&amp#27;[32m[INFO ] gei.id.tutelado - -----------------------------------------------------------------------------------------------------------------------------------------
&amp#27;[m]]></system-out>
  </testcase>
  <testcase name="test07_Propagacion_Remove" classname="gei.id.tutelado.P01_PersonaFisica" time="0.144">
    <system-out><![CDATA[&amp#27;[32m[INFO ] gei.id.tutelado - 
&amp#27;[m&amp#27;[32m[INFO ] gei.id.tutelado - %%%%%%%%%%%%%%%%%%%%%%%%%%%%%%%%%%%%%%%%%%%%%%%%%%%%%%%%%%%%%%%%%%%%%%%%%%%%%%%%%%%%%%%%%%%%%%%%%%%%%%%%%%%%%%%%%%%%%%%%%%%%%%%%%%%%%%%%%
&amp#27;[m&amp#27;[32m[INFO ] gei.id.tutelado - Iniciando test: test07_Propagacion_Remove
&amp#27;[m&amp#27;[32m[INFO ] gei.id.tutelado - %%%%%%%%%%%%%%%%%%%%%%%%%%%%%%%%%%%%%%%%%%%%%%%%%%%%%%%%%%%%%%%%%%%%%%%%%%%%%%%%%%%%%%%%%%%%%%%%%%%%%%%%%%%%%%%%%%%%%%%%%%%%%%%%%%%%%%%%%
&amp#27;[m&amp#27;[32m[INFO ] gei.id.tutelado - 
&amp#27;[m&amp#27;[32m[INFO ] gei.id.tutelado - Limpando BD --------------------------------------------------------------------------------------------
&amp#27;[m&amp#27;[32m[INFO ] gei.id.tutelado - 
&amp#27;[m&amp#27;[32m[INFO ] gei.id.tutelado - Configurando situaciÃ³n de partida do test -----------------------------------------------------------------------
&amp#27;[m&amp#27;[32m[INFO ] gei.id.tutelado - 
&amp#27;[m&amp#27;[32m[INFO ] gei.id.tutelado - Inicio do test --------------------------------------------------------------------------------------------------
&amp#27;[m&amp#27;[32m[INFO ] gei.id.tutelado - Obxectivo: Proba de eliminaciÃ³n de de usuario con entradas de log asociadas

&amp#27;[m&amp#27;[32m[INFO ] gei.id.tutelado - 
&amp#27;[m&amp#27;[32m[INFO ] gei.id.tutelado - -----------------------------------------------------------------------------------------------------------------------------------------
&amp#27;[m&amp#27;[32m[INFO ] gei.id.tutelado - Finalizado test: test07_Propagacion_Remove
&amp#27;[m&amp#27;[32m[INFO ] gei.id.tutelado - -----------------------------------------------------------------------------------------------------------------------------------------
&amp#27;[m]]></system-out>
  </testcase>
  <testcase name="test04_Modificacion" classname="gei.id.tutelado.P01_PersonaFisica" time="0.102">
    <system-out><![CDATA[&amp#27;[32m[INFO ] gei.id.tutelado - 
&amp#27;[m&amp#27;[32m[INFO ] gei.id.tutelado - %%%%%%%%%%%%%%%%%%%%%%%%%%%%%%%%%%%%%%%%%%%%%%%%%%%%%%%%%%%%%%%%%%%%%%%%%%%%%%%%%%%%%%%%%%%%%%%%%%%%%%%%%%%%%%%%%%%%%%%%%%%%%%%%%%%%%%%%%
&amp#27;[m&amp#27;[32m[INFO ] gei.id.tutelado - Iniciando test: test04_Modificacion
&amp#27;[m&amp#27;[32m[INFO ] gei.id.tutelado - %%%%%%%%%%%%%%%%%%%%%%%%%%%%%%%%%%%%%%%%%%%%%%%%%%%%%%%%%%%%%%%%%%%%%%%%%%%%%%%%%%%%%%%%%%%%%%%%%%%%%%%%%%%%%%%%%%%%%%%%%%%%%%%%%%%%%%%%%
&amp#27;[m&amp#27;[32m[INFO ] gei.id.tutelado - 
&amp#27;[m&amp#27;[32m[INFO ] gei.id.tutelado - Limpando BD --------------------------------------------------------------------------------------------
&amp#27;[m&amp#27;[32m[INFO ] gei.id.tutelado - 
&amp#27;[m&amp#27;[32m[INFO ] gei.id.tutelado - Configurando situaciÃ³n de partida do test -----------------------------------------------------------------------
&amp#27;[m&amp#27;[32m[INFO ] gei.id.tutelado - 
&amp#27;[m&amp#27;[32m[INFO ] gei.id.tutelado - Inicio do test --------------------------------------------------------------------------------------------------
&amp#27;[m&amp#27;[32m[INFO ] gei.id.tutelado - Obxectivo: Proba de modificaciÃ³n da informaciÃ³n bÃ¡sica de persona fisica

&amp#27;[m&amp#27;[32m[INFO ] gei.id.tutelado - 
&amp#27;[m&amp#27;[32m[INFO ] gei.id.tutelado - -----------------------------------------------------------------------------------------------------------------------------------------
&amp#27;[m&amp#27;[32m[INFO ] gei.id.tutelado - Finalizado test: test04_Modificacion
&amp#27;[m&amp#27;[32m[INFO ] gei.id.tutelado - -----------------------------------------------------------------------------------------------------------------------------------------
&amp#27;[m]]></system-out>
  </testcase>
  <testcase name="test01_Recuperacion" classname="gei.id.tutelado.P01_PersonaFisica" time="0.127">
    <system-out><![CDATA[&amp#27;[32m[INFO ] gei.id.tutelado - 
&amp#27;[m&amp#27;[32m[INFO ] gei.id.tutelado - %%%%%%%%%%%%%%%%%%%%%%%%%%%%%%%%%%%%%%%%%%%%%%%%%%%%%%%%%%%%%%%%%%%%%%%%%%%%%%%%%%%%%%%%%%%%%%%%%%%%%%%%%%%%%%%%%%%%%%%%%%%%%%%%%%%%%%%%%
&amp#27;[m&amp#27;[32m[INFO ] gei.id.tutelado - Iniciando test: test01_Recuperacion
&amp#27;[m&amp#27;[32m[INFO ] gei.id.tutelado - %%%%%%%%%%%%%%%%%%%%%%%%%%%%%%%%%%%%%%%%%%%%%%%%%%%%%%%%%%%%%%%%%%%%%%%%%%%%%%%%%%%%%%%%%%%%%%%%%%%%%%%%%%%%%%%%%%%%%%%%%%%%%%%%%%%%%%%%%
&amp#27;[m&amp#27;[32m[INFO ] gei.id.tutelado - 
&amp#27;[m&amp#27;[32m[INFO ] gei.id.tutelado - Limpando BD --------------------------------------------------------------------------------------------
&amp#27;[m&amp#27;[32m[INFO ] gei.id.tutelado - 
&amp#27;[m&amp#27;[32m[INFO ] gei.id.tutelado - Configurando situaciÃ³n de partida do test -----------------------------------------------------------------------
&amp#27;[m&amp#27;[32m[INFO ] gei.id.tutelado - 
&amp#27;[m&amp#27;[32m[INFO ] gei.id.tutelado - Inicio do test --------------------------------------------------------------------------------------------------
&amp#27;[m&amp#27;[32m[INFO ] gei.id.tutelado - Obxectivo: Proba de recuperaciÃ³n desde a BD de contribuyentes (sen entradas asociadas) por nif
				 Casos contemplados:
				 a) RecuperaciÃ³n por nif existente
				 b) Recuperacion por nif inexistente

&amp#27;[m&amp#27;[32m[INFO ] gei.id.tutelado - Probando recuperacion por nif EXISTENTE --------------------------------------------------
&amp#27;[m&amp#27;[32m[INFO ] gei.id.tutelado - 
&amp#27;[m&amp#27;[32m[INFO ] gei.id.tutelado - Probando recuperacion por nif INEXISTENTE -----------------------------------------------
&amp#27;[m&amp#27;[32m[INFO ] gei.id.tutelado - 
&amp#27;[m&amp#27;[32m[INFO ] gei.id.tutelado - -----------------------------------------------------------------------------------------------------------------------------------------
&amp#27;[m&amp#27;[32m[INFO ] gei.id.tutelado - Finalizado test: test01_Recuperacion
&amp#27;[m&amp#27;[32m[INFO ] gei.id.tutelado - -----------------------------------------------------------------------------------------------------------------------------------------
&amp#27;[m]]></system-out>
  </testcase>
  <testcase name="test03_Eliminacion" classname="gei.id.tutelado.P01_PersonaFisica" time="0.127">
    <system-out><![CDATA[&amp#27;[32m[INFO ] gei.id.tutelado - 
&amp#27;[m&amp#27;[32m[INFO ] gei.id.tutelado - %%%%%%%%%%%%%%%%%%%%%%%%%%%%%%%%%%%%%%%%%%%%%%%%%%%%%%%%%%%%%%%%%%%%%%%%%%%%%%%%%%%%%%%%%%%%%%%%%%%%%%%%%%%%%%%%%%%%%%%%%%%%%%%%%%%%%%%%%
&amp#27;[m&amp#27;[32m[INFO ] gei.id.tutelado - Iniciando test: test03_Eliminacion
&amp#27;[m&amp#27;[32m[INFO ] gei.id.tutelado - %%%%%%%%%%%%%%%%%%%%%%%%%%%%%%%%%%%%%%%%%%%%%%%%%%%%%%%%%%%%%%%%%%%%%%%%%%%%%%%%%%%%%%%%%%%%%%%%%%%%%%%%%%%%%%%%%%%%%%%%%%%%%%%%%%%%%%%%%
&amp#27;[m&amp#27;[32m[INFO ] gei.id.tutelado - 
&amp#27;[m&amp#27;[32m[INFO ] gei.id.tutelado - Limpando BD --------------------------------------------------------------------------------------------
&amp#27;[m&amp#27;[32m[INFO ] gei.id.tutelado - 
&amp#27;[m&amp#27;[32m[INFO ] gei.id.tutelado - Configurando situaciÃ³n de partida do test -----------------------------------------------------------------------
&amp#27;[m&amp#27;[32m[INFO ] gei.id.tutelado - 
&amp#27;[m&amp#27;[32m[INFO ] gei.id.tutelado - Inicio do test --------------------------------------------------------------------------------------------------
&amp#27;[m&amp#27;[32m[INFO ] gei.id.tutelado - Obxectivo: Proba de eliminaciÃ³n da BD de contribuyente sen entradas asociadas

&amp#27;[m&amp#27;[32m[INFO ] gei.id.tutelado - 
&amp#27;[m&amp#27;[32m[INFO ] gei.id.tutelado - -----------------------------------------------------------------------------------------------------------------------------------------
&amp#27;[m&amp#27;[32m[INFO ] gei.id.tutelado - Finalizado test: test03_Eliminacion
&amp#27;[m&amp#27;[32m[INFO ] gei.id.tutelado - -----------------------------------------------------------------------------------------------------------------------------------------
&amp#27;[m]]></system-out>
  </testcase>
  <testcase name="test02_Alta" classname="gei.id.tutelado.P03_Declaracion" time="0.127">
    <system-out><![CDATA[&amp#27;[32m[INFO ] gei.id.tutelado - 
&amp#27;[m&amp#27;[32m[INFO ] gei.id.tutelado - %%%%%%%%%%%%%%%%%%%%%%%%%%%%%%%%%%%%%%%%%%%%%%%%%%%%%%%%%%%%%%%%%%%%%%%%%%%%%%%%%%%%%%%%%%%%%%%%%%%%%%%%%%%%%%%%%%%%%%%%%%%%%%%%%%%%%%%%%
&amp#27;[m&amp#27;[32m[INFO ] gei.id.tutelado - Iniciando test: test02_Alta
&amp#27;[m&amp#27;[32m[INFO ] gei.id.tutelado - %%%%%%%%%%%%%%%%%%%%%%%%%%%%%%%%%%%%%%%%%%%%%%%%%%%%%%%%%%%%%%%%%%%%%%%%%%%%%%%%%%%%%%%%%%%%%%%%%%%%%%%%%%%%%%%%%%%%%%%%%%%%%%%%%%%%%%%%%
&amp#27;[m&amp#27;[32m[INFO ] gei.id.tutelado - 
&amp#27;[m&amp#27;[32m[INFO ] gei.id.tutelado - Limpando BD --------------------------------------------------------------------------------------------
&amp#27;[m&amp#27;[32m[INFO ] gei.id.tutelado - 
&amp#27;[m&amp#27;[32m[INFO ] gei.id.tutelado - Configurando situaciÃ³n de partida do test -----------------------------------------------------------------------
&amp#27;[m&amp#27;[32m[INFO ] gei.id.tutelado - 
&amp#27;[m&amp#27;[32m[INFO ] gei.id.tutelado - Inicio do test --------------------------------------------------------------------------------------------------
&amp#27;[m&amp#27;[32m[INFO ] gei.id.tutelado - Obxectivo: Proba da gravaciÃ³n de declaraciones
				 Casos contemplados:
				 a) Primera declaraciÃ³n del contribuyente
				 b) Nueva declaraciÃ³n del contribuyente

&amp#27;[m&amp#27;[32m[INFO ] gei.id.tutelado - 
&amp#27;[m&amp#27;[32m[INFO ] gei.id.tutelado - Gravando primeira declaracion --------------------------------------------------------------------
&amp#27;[m&amp#27;[32m[INFO ] gei.id.tutelado - 
&amp#27;[m&amp#27;[32m[INFO ] gei.id.tutelado - Gravando segunda declaracion ---------------------------------------------------------------------
&amp#27;[m&amp#27;[32m[INFO ] gei.id.tutelado - 
&amp#27;[m&amp#27;[32m[INFO ] gei.id.tutelado - -----------------------------------------------------------------------------------------------------------------------------------------
&amp#27;[m&amp#27;[32m[INFO ] gei.id.tutelado - Finalizado test: test02_Alta
&amp#27;[m&amp#27;[32m[INFO ] gei.id.tutelado - -----------------------------------------------------------------------------------------------------------------------------------------
&amp#27;[m]]></system-out>
  </testcase>
  <testcase name="test04_Modificacion" classname="gei.id.tutelado.P03_Declaracion" time="0.16">
    <system-out><![CDATA[&amp#27;[32m[INFO ] gei.id.tutelado - 
&amp#27;[m&amp#27;[32m[INFO ] gei.id.tutelado - %%%%%%%%%%%%%%%%%%%%%%%%%%%%%%%%%%%%%%%%%%%%%%%%%%%%%%%%%%%%%%%%%%%%%%%%%%%%%%%%%%%%%%%%%%%%%%%%%%%%%%%%%%%%%%%%%%%%%%%%%%%%%%%%%%%%%%%%%
&amp#27;[m&amp#27;[32m[INFO ] gei.id.tutelado - Iniciando test: test04_Modificacion
&amp#27;[m&amp#27;[32m[INFO ] gei.id.tutelado - %%%%%%%%%%%%%%%%%%%%%%%%%%%%%%%%%%%%%%%%%%%%%%%%%%%%%%%%%%%%%%%%%%%%%%%%%%%%%%%%%%%%%%%%%%%%%%%%%%%%%%%%%%%%%%%%%%%%%%%%%%%%%%%%%%%%%%%%%
&amp#27;[m&amp#27;[32m[INFO ] gei.id.tutelado - 
&amp#27;[m&amp#27;[32m[INFO ] gei.id.tutelado - Limpando BD --------------------------------------------------------------------------------------------
&amp#27;[m&amp#27;[32m[INFO ] gei.id.tutelado - 
&amp#27;[m&amp#27;[32m[INFO ] gei.id.tutelado - Configurando situaciÃ³n de partida do test -----------------------------------------------------------------------
&amp#27;[m&amp#27;[32m[INFO ] gei.id.tutelado - 
&amp#27;[m&amp#27;[32m[INFO ] gei.id.tutelado - Inicio do test --------------------------------------------------------------------------------------------------
&amp#27;[m&amp#27;[32m[INFO ] gei.id.tutelado - Obxectivo: Proba de modificaciÃ³n da informaciÃ³n dunha declaraciÃ³n solta

&amp#27;[m&amp#27;[32m[INFO ] gei.id.tutelado - 
&amp#27;[m&amp#27;[32m[INFO ] gei.id.tutelado - -----------------------------------------------------------------------------------------------------------------------------------------
&amp#27;[m&amp#27;[32m[INFO ] gei.id.tutelado - Finalizado test: test04_Modificacion
&amp#27;[m&amp#27;[32m[INFO ] gei.id.tutelado - -----------------------------------------------------------------------------------------------------------------------------------------
&amp#27;[m]]></system-out>
  </testcase>
  <testcase name="test01_Recuperacion" classname="gei.id.tutelado.P03_Declaracion" time="0.083">
    <system-out><![CDATA[&amp#27;[32m[INFO ] gei.id.tutelado - 
&amp#27;[m&amp#27;[32m[INFO ] gei.id.tutelado - %%%%%%%%%%%%%%%%%%%%%%%%%%%%%%%%%%%%%%%%%%%%%%%%%%%%%%%%%%%%%%%%%%%%%%%%%%%%%%%%%%%%%%%%%%%%%%%%%%%%%%%%%%%%%%%%%%%%%%%%%%%%%%%%%%%%%%%%%
&amp#27;[m&amp#27;[32m[INFO ] gei.id.tutelado - Iniciando test: test01_Recuperacion
&amp#27;[m&amp#27;[32m[INFO ] gei.id.tutelado - %%%%%%%%%%%%%%%%%%%%%%%%%%%%%%%%%%%%%%%%%%%%%%%%%%%%%%%%%%%%%%%%%%%%%%%%%%%%%%%%%%%%%%%%%%%%%%%%%%%%%%%%%%%%%%%%%%%%%%%%%%%%%%%%%%%%%%%%%
&amp#27;[m&amp#27;[32m[INFO ] gei.id.tutelado - 
&amp#27;[m&amp#27;[32m[INFO ] gei.id.tutelado - Limpando BD --------------------------------------------------------------------------------------------
&amp#27;[m&amp#27;[32m[INFO ] gei.id.tutelado - 
&amp#27;[m&amp#27;[32m[INFO ] gei.id.tutelado - Configurando situaciÃ³n de partida do test -----------------------------------------------------------------------
&amp#27;[m&amp#27;[32m[INFO ] gei.id.tutelado - 
&amp#27;[m&amp#27;[32m[INFO ] gei.id.tutelado - Inicio do test --------------------------------------------------------------------------------------------------
&amp#27;[m&amp#27;[32m[INFO ] gei.id.tutelado - Obxectivo: Proba de recuperaciÃ³n desde a BD de contribuyentes (sen entradas asociadas) por nif
				 Casos contemplados:
				 a) RecuperaciÃ³n por nif existente
				 b) Recuperacion por nif inexistente

&amp#27;[m&amp#27;[32m[INFO ] gei.id.tutelado - Probando recuperacion por nif EXISTENTE --------------------------------------------------
&amp#27;[m&amp#27;[32m[INFO ] gei.id.tutelado - 
&amp#27;[m&amp#27;[32m[INFO ] gei.id.tutelado - Probando recuperacion por numeroReferencia INEXISTENTE -----------------------------------------------
&amp#27;[m&amp#27;[32m[INFO ] gei.id.tutelado - 
&amp#27;[m&amp#27;[32m[INFO ] gei.id.tutelado - -----------------------------------------------------------------------------------------------------------------------------------------
&amp#27;[m&amp#27;[32m[INFO ] gei.id.tutelado - Finalizado test: test01_Recuperacion
&amp#27;[m&amp#27;[32m[INFO ] gei.id.tutelado - -----------------------------------------------------------------------------------------------------------------------------------------
&amp#27;[m]]></system-out>
  </testcase>
  <testcase name="test03_Eliminacion" classname="gei.id.tutelado.P03_Declaracion" time="0.068">
    <system-out><![CDATA[&amp#27;[32m[INFO ] gei.id.tutelado - 
&amp#27;[m&amp#27;[32m[INFO ] gei.id.tutelado - %%%%%%%%%%%%%%%%%%%%%%%%%%%%%%%%%%%%%%%%%%%%%%%%%%%%%%%%%%%%%%%%%%%%%%%%%%%%%%%%%%%%%%%%%%%%%%%%%%%%%%%%%%%%%%%%%%%%%%%%%%%%%%%%%%%%%%%%%
&amp#27;[m&amp#27;[32m[INFO ] gei.id.tutelado - Iniciando test: test03_Eliminacion
&amp#27;[m&amp#27;[32m[INFO ] gei.id.tutelado - %%%%%%%%%%%%%%%%%%%%%%%%%%%%%%%%%%%%%%%%%%%%%%%%%%%%%%%%%%%%%%%%%%%%%%%%%%%%%%%%%%%%%%%%%%%%%%%%%%%%%%%%%%%%%%%%%%%%%%%%%%%%%%%%%%%%%%%%%
&amp#27;[m&amp#27;[32m[INFO ] gei.id.tutelado - 
&amp#27;[m&amp#27;[32m[INFO ] gei.id.tutelado - Limpando BD --------------------------------------------------------------------------------------------
&amp#27;[m&amp#27;[32m[INFO ] gei.id.tutelado - 
&amp#27;[m&amp#27;[32m[INFO ] gei.id.tutelado - Configurando situaciÃ³n de partida do test -----------------------------------------------------------------------
&amp#27;[m&amp#27;[32m[INFO ] gei.id.tutelado - 
&amp#27;[m&amp#27;[32m[INFO ] gei.id.tutelado - Inicio do test --------------------------------------------------------------------------------------------------
&amp#27;[m&amp#27;[32m[INFO ] gei.id.tutelado - Obxectivo: Proba de eliminaciÃ³n da BD de contribuyente sen entradas asociadas

&amp#27;[m&amp#27;[32m[INFO ] gei.id.tutelado - 
&amp#27;[m&amp#27;[32m[INFO ] gei.id.tutelado - -----------------------------------------------------------------------------------------------------------------------------------------
&amp#27;[m&amp#27;[32m[INFO ] gei.id.tutelado - Finalizado test: test03_Eliminacion
&amp#27;[m&amp#27;[32m[INFO ] gei.id.tutelado - -----------------------------------------------------------------------------------------------------------------------------------------
&amp#27;[m]]></system-out>
  </testcase>
  <testcase name="test06_EAGER" classname="gei.id.tutelado.P03_Declaracion" time="0.098">
    <system-out><![CDATA[&amp#27;[32m[INFO ] gei.id.tutelado - 
&amp#27;[m&amp#27;[32m[INFO ] gei.id.tutelado - %%%%%%%%%%%%%%%%%%%%%%%%%%%%%%%%%%%%%%%%%%%%%%%%%%%%%%%%%%%%%%%%%%%%%%%%%%%%%%%%%%%%%%%%%%%%%%%%%%%%%%%%%%%%%%%%%%%%%%%%%%%%%%%%%%%%%%%%%
&amp#27;[m&amp#27;[32m[INFO ] gei.id.tutelado - Iniciando test: test06_EAGER
&amp#27;[m&amp#27;[32m[INFO ] gei.id.tutelado - %%%%%%%%%%%%%%%%%%%%%%%%%%%%%%%%%%%%%%%%%%%%%%%%%%%%%%%%%%%%%%%%%%%%%%%%%%%%%%%%%%%%%%%%%%%%%%%%%%%%%%%%%%%%%%%%%%%%%%%%%%%%%%%%%%%%%%%%%
&amp#27;[m&amp#27;[32m[INFO ] gei.id.tutelado - 
&amp#27;[m&amp#27;[32m[INFO ] gei.id.tutelado - Limpando BD --------------------------------------------------------------------------------------------
&amp#27;[m&amp#27;[32m[INFO ] gei.id.tutelado - 
&amp#27;[m&amp#27;[32m[INFO ] gei.id.tutelado - Configurando situaciÃ³n de partida do test -----------------------------------------------------------------------
&amp#27;[m&amp#27;[32m[INFO ] gei.id.tutelado - Inicio do test --------------------------------------------------------------------------------------------------
&amp#27;[m&amp#27;[32m[INFO ] gei.id.tutelado - Obxectivo: Proba da recuperaciÃ³n de propiedades EAGER

&amp#27;[m&amp#27;[32m[INFO ] gei.id.tutelado - Probando (que non hai excepcion tras) acceso inicial a propiedade EAGER fora de sesion ----------------------------------------
&amp#27;[m&amp#27;[32m[INFO ] gei.id.tutelado - Acceso a contribuyente de una declaraciÃ³n
&amp#27;[m&amp#27;[32m[INFO ] gei.id.tutelado - 
&amp#27;[m&amp#27;[32m[INFO ] gei.id.tutelado - -----------------------------------------------------------------------------------------------------------------------------------------
&amp#27;[m&amp#27;[32m[INFO ] gei.id.tutelado - Finalizado test: test06_EAGER
&amp#27;[m&amp#27;[32m[INFO ] gei.id.tutelado - -----------------------------------------------------------------------------------------------------------------------------------------
&amp#27;[m]]></system-out>
  </testcase>
  <testcase name="test02_Alta" classname="gei.id.tutelado.P02_PersonaJuridica" time="0.089">
    <system-out><![CDATA[&amp#27;[32m[INFO ] gei.id.tutelado - 
&amp#27;[m&amp#27;[32m[INFO ] gei.id.tutelado - %%%%%%%%%%%%%%%%%%%%%%%%%%%%%%%%%%%%%%%%%%%%%%%%%%%%%%%%%%%%%%%%%%%%%%%%%%%%%%%%%%%%%%%%%%%%%%%%%%%%%%%%%%%%%%%%%%%%%%%%%%%%%%%%%%%%%%%%%
&amp#27;[m&amp#27;[32m[INFO ] gei.id.tutelado - Iniciando test: test02_Alta
&amp#27;[m&amp#27;[32m[INFO ] gei.id.tutelado - %%%%%%%%%%%%%%%%%%%%%%%%%%%%%%%%%%%%%%%%%%%%%%%%%%%%%%%%%%%%%%%%%%%%%%%%%%%%%%%%%%%%%%%%%%%%%%%%%%%%%%%%%%%%%%%%%%%%%%%%%%%%%%%%%%%%%%%%%
&amp#27;[m&amp#27;[32m[INFO ] gei.id.tutelado - 
&amp#27;[m&amp#27;[32m[INFO ] gei.id.tutelado - Limpando BD --------------------------------------------------------------------------------------------
&amp#27;[m&amp#27;[32m[INFO ] gei.id.tutelado - 
&amp#27;[m&amp#27;[32m[INFO ] gei.id.tutelado - Configurando situaciÃ³n de partida do test -----------------------------------------------------------------------
&amp#27;[m&amp#27;[32m[INFO ] gei.id.tutelado - 
&amp#27;[m&amp#27;[32m[INFO ] gei.id.tutelado - Inicio do test --------------------------------------------------------------------------------------------------
&amp#27;[m&amp#27;[32m[INFO ] gei.id.tutelado - Obxectivo: Proba de gravaciÃ³n na BD de nova persoa juridica.

&amp#27;[m&amp#27;[32m[INFO ] gei.id.tutelado - 
&amp#27;[m&amp#27;[32m[INFO ] gei.id.tutelado - -----------------------------------------------------------------------------------------------------------------------------------------
&amp#27;[m&amp#27;[32m[INFO ] gei.id.tutelado - Finalizado test: test02_Alta
&amp#27;[m&amp#27;[32m[INFO ] gei.id.tutelado - -----------------------------------------------------------------------------------------------------------------------------------------
&amp#27;[m]]></system-out>
  </testcase>
  <testcase name="test04_Modificacion" classname="gei.id.tutelado.P02_PersonaJuridica" time="0.072">
    <system-out><![CDATA[&amp#27;[32m[INFO ] gei.id.tutelado - 
&amp#27;[m&amp#27;[32m[INFO ] gei.id.tutelado - %%%%%%%%%%%%%%%%%%%%%%%%%%%%%%%%%%%%%%%%%%%%%%%%%%%%%%%%%%%%%%%%%%%%%%%%%%%%%%%%%%%%%%%%%%%%%%%%%%%%%%%%%%%%%%%%%%%%%%%%%%%%%%%%%%%%%%%%%
&amp#27;[m&amp#27;[32m[INFO ] gei.id.tutelado - Iniciando test: test04_Modificacion
&amp#27;[m&amp#27;[32m[INFO ] gei.id.tutelado - %%%%%%%%%%%%%%%%%%%%%%%%%%%%%%%%%%%%%%%%%%%%%%%%%%%%%%%%%%%%%%%%%%%%%%%%%%%%%%%%%%%%%%%%%%%%%%%%%%%%%%%%%%%%%%%%%%%%%%%%%%%%%%%%%%%%%%%%%
&amp#27;[m&amp#27;[32m[INFO ] gei.id.tutelado - 
&amp#27;[m&amp#27;[32m[INFO ] gei.id.tutelado - Limpando BD --------------------------------------------------------------------------------------------
&amp#27;[m&amp#27;[32m[INFO ] gei.id.tutelado - 
&amp#27;[m&amp#27;[32m[INFO ] gei.id.tutelado - Configurando situaciÃ³n de partida do test -----------------------------------------------------------------------
&amp#27;[m&amp#27;[32m[INFO ] gei.id.tutelado - 
&amp#27;[m&amp#27;[32m[INFO ] gei.id.tutelado - Inicio do test --------------------------------------------------------------------------------------------------
&amp#27;[m&amp#27;[32m[INFO ] gei.id.tutelado - Obxectivo: Proba de modificaciÃ³n da informaciÃ³n bÃ¡sica de persona juridica

&amp#27;[m&amp#27;[32m[INFO ] gei.id.tutelado - 
&amp#27;[m&amp#27;[32m[INFO ] gei.id.tutelado - -----------------------------------------------------------------------------------------------------------------------------------------
&amp#27;[m&amp#27;[32m[INFO ] gei.id.tutelado - Finalizado test: test04_Modificacion
&amp#27;[m&amp#27;[32m[INFO ] gei.id.tutelado - -----------------------------------------------------------------------------------------------------------------------------------------
&amp#27;[m]]></system-out>
  </testcase>
  <testcase name="test01_Recuperacion" classname="gei.id.tutelado.P02_PersonaJuridica" time="0.091">
    <system-out><![CDATA[&amp#27;[32m[INFO ] gei.id.tutelado - 
&amp#27;[m&amp#27;[32m[INFO ] gei.id.tutelado - %%%%%%%%%%%%%%%%%%%%%%%%%%%%%%%%%%%%%%%%%%%%%%%%%%%%%%%%%%%%%%%%%%%%%%%%%%%%%%%%%%%%%%%%%%%%%%%%%%%%%%%%%%%%%%%%%%%%%%%%%%%%%%%%%%%%%%%%%
&amp#27;[m&amp#27;[32m[INFO ] gei.id.tutelado - Iniciando test: test01_Recuperacion
&amp#27;[m&amp#27;[32m[INFO ] gei.id.tutelado - %%%%%%%%%%%%%%%%%%%%%%%%%%%%%%%%%%%%%%%%%%%%%%%%%%%%%%%%%%%%%%%%%%%%%%%%%%%%%%%%%%%%%%%%%%%%%%%%%%%%%%%%%%%%%%%%%%%%%%%%%%%%%%%%%%%%%%%%%
&amp#27;[m&amp#27;[32m[INFO ] gei.id.tutelado - 
&amp#27;[m&amp#27;[32m[INFO ] gei.id.tutelado - Limpando BD --------------------------------------------------------------------------------------------
&amp#27;[m&amp#27;[32m[INFO ] gei.id.tutelado - 
&amp#27;[m&amp#27;[32m[INFO ] gei.id.tutelado - Configurando situaciÃ³n de partida do test -----------------------------------------------------------------------
&amp#27;[m&amp#27;[32m[INFO ] gei.id.tutelado - 
&amp#27;[m&amp#27;[32m[INFO ] gei.id.tutelado - Inicio do test --------------------------------------------------------------------------------------------------
&amp#27;[m&amp#27;[32m[INFO ] gei.id.tutelado - Obxectivo: Proba de recuperaciÃ³n desde a BD de contribuyentes (sen entradas asociadas) por nif
				 Casos contemplados:
				 a) RecuperaciÃ³n por nif existente
				 b) Recuperacion por nif inexistente

&amp#27;[m&amp#27;[32m[INFO ] gei.id.tutelado - Probando recuperacion por nif EXISTENTE --------------------------------------------------
&amp#27;[m&amp#27;[32m[INFO ] gei.id.tutelado - 
&amp#27;[m&amp#27;[32m[INFO ] gei.id.tutelado - Probando recuperacion por nif INEXISTENTE -----------------------------------------------
&amp#27;[m&amp#27;[32m[INFO ] gei.id.tutelado - 
&amp#27;[m&amp#27;[32m[INFO ] gei.id.tutelado - -----------------------------------------------------------------------------------------------------------------------------------------
&amp#27;[m&amp#27;[32m[INFO ] gei.id.tutelado - Finalizado test: test01_Recuperacion
&amp#27;[m&amp#27;[32m[INFO ] gei.id.tutelado - -----------------------------------------------------------------------------------------------------------------------------------------
&amp#27;[m]]></system-out>
  </testcase>
  <testcase name="test03_Eliminacion" classname="gei.id.tutelado.P02_PersonaJuridica" time="0.09">
    <system-out><![CDATA[&amp#27;[32m[INFO ] gei.id.tutelado - 
&amp#27;[m&amp#27;[32m[INFO ] gei.id.tutelado - %%%%%%%%%%%%%%%%%%%%%%%%%%%%%%%%%%%%%%%%%%%%%%%%%%%%%%%%%%%%%%%%%%%%%%%%%%%%%%%%%%%%%%%%%%%%%%%%%%%%%%%%%%%%%%%%%%%%%%%%%%%%%%%%%%%%%%%%%
&amp#27;[m&amp#27;[32m[INFO ] gei.id.tutelado - Iniciando test: test03_Eliminacion
&amp#27;[m&amp#27;[32m[INFO ] gei.id.tutelado - %%%%%%%%%%%%%%%%%%%%%%%%%%%%%%%%%%%%%%%%%%%%%%%%%%%%%%%%%%%%%%%%%%%%%%%%%%%%%%%%%%%%%%%%%%%%%%%%%%%%%%%%%%%%%%%%%%%%%%%%%%%%%%%%%%%%%%%%%
&amp#27;[m&amp#27;[32m[INFO ] gei.id.tutelado - 
&amp#27;[m&amp#27;[32m[INFO ] gei.id.tutelado - Limpando BD --------------------------------------------------------------------------------------------
&amp#27;[m&amp#27;[32m[INFO ] gei.id.tutelado - 
&amp#27;[m&amp#27;[32m[INFO ] gei.id.tutelado - Configurando situaciÃ³n de partida do test -----------------------------------------------------------------------
&amp#27;[m&amp#27;[32m[INFO ] gei.id.tutelado - 
&amp#27;[m&amp#27;[32m[INFO ] gei.id.tutelado - Inicio do test --------------------------------------------------------------------------------------------------
&amp#27;[m&amp#27;[32m[INFO ] gei.id.tutelado - Obxectivo: Proba de eliminaciÃ³n da BD de contribuyente sen entradas asociadas

&amp#27;[m&amp#27;[32m[INFO ] gei.id.tutelado - 
&amp#27;[m&amp#27;[32m[INFO ] gei.id.tutelado - -----------------------------------------------------------------------------------------------------------------------------------------
&amp#27;[m&amp#27;[32m[INFO ] gei.id.tutelado - Finalizado test: test03_Eliminacion
&amp#27;[m&amp#27;[32m[INFO ] gei.id.tutelado - -----------------------------------------------------------------------------------------------------------------------------------------
&amp#27;[m]]></system-out>
  </testcase>
  <testcase name="test08_Agregacion" classname="gei.id.tutelado.P04_Consultas" time="0.071">
    <system-out><![CDATA[&amp#27;[32m[INFO ] gei.id.tutelado - 
&amp#27;[m&amp#27;[32m[INFO ] gei.id.tutelado - %%%%%%%%%%%%%%%%%%%%%%%%%%%%%%%%%%%%%%%%%%%%%%%%%%%%%%%%%%%%%%%%%%%%%%%%%%%%%%%%%%%%%%%%%%%%%%%%%%%%%%%%%%%%%%%%%%%%%%%%%%%%%%%%%%%%%%%%%
&amp#27;[m&amp#27;[32m[INFO ] gei.id.tutelado - Iniciando test: test08_Agregacion
&amp#27;[m&amp#27;[32m[INFO ] gei.id.tutelado - %%%%%%%%%%%%%%%%%%%%%%%%%%%%%%%%%%%%%%%%%%%%%%%%%%%%%%%%%%%%%%%%%%%%%%%%%%%%%%%%%%%%%%%%%%%%%%%%%%%%%%%%%%%%%%%%%%%%%%%%%%%%%%%%%%%%%%%%%
&amp#27;[m&amp#27;[32m[INFO ] gei.id.tutelado - 
&amp#27;[m&amp#27;[32m[INFO ] gei.id.tutelado - Limpando BD -----------------------------------------------------------------------------------------------------
&amp#27;[m&amp#27;[32m[INFO ] gei.id.tutelado - 
&amp#27;[m&amp#27;[32m[INFO ] gei.id.tutelado - Configurando situaciÃ³n de partida do test -----------------------------------------------------------------------
&amp#27;[m&amp#27;[32m[INFO ] gei.id.tutelado - 
&amp#27;[m&amp#27;[32m[INFO ] gei.id.tutelado - Inicio do test --------------------------------------------------------------------------------------------------
&amp#27;[m&amp#27;[32m[INFO ] gei.id.tutelado - Obxectivo: Proba da consulta cantidadPorTipoImpuesto

&amp#27;[m[[Ljava.lang.Object;@6a0c7af6]
&amp#27;[32m[INFO ] gei.id.tutelado - 
&amp#27;[m&amp#27;[32m[INFO ] gei.id.tutelado - -----------------------------------------------------------------------------------------------------------------------------------------
&amp#27;[m&amp#27;[32m[INFO ] gei.id.tutelado - Finalizado test: test08_Agregacion
&amp#27;[m&amp#27;[32m[INFO ] gei.id.tutelado - -----------------------------------------------------------------------------------------------------------------------------------------
&amp#27;[m]]></system-out>
  </testcase>
  <testcase name="test08_INNER_JOIN" classname="gei.id.tutelado.P04_Consultas" time="0.065">
    <system-out><![CDATA[&amp#27;[32m[INFO ] gei.id.tutelado - 
&amp#27;[m&amp#27;[32m[INFO ] gei.id.tutelado - %%%%%%%%%%%%%%%%%%%%%%%%%%%%%%%%%%%%%%%%%%%%%%%%%%%%%%%%%%%%%%%%%%%%%%%%%%%%%%%%%%%%%%%%%%%%%%%%%%%%%%%%%%%%%%%%%%%%%%%%%%%%%%%%%%%%%%%%%
&amp#27;[m&amp#27;[32m[INFO ] gei.id.tutelado - Iniciando test: test08_INNER_JOIN
&amp#27;[m&amp#27;[32m[INFO ] gei.id.tutelado - %%%%%%%%%%%%%%%%%%%%%%%%%%%%%%%%%%%%%%%%%%%%%%%%%%%%%%%%%%%%%%%%%%%%%%%%%%%%%%%%%%%%%%%%%%%%%%%%%%%%%%%%%%%%%%%%%%%%%%%%%%%%%%%%%%%%%%%%%
&amp#27;[m&amp#27;[32m[INFO ] gei.id.tutelado - 
&amp#27;[m&amp#27;[32m[INFO ] gei.id.tutelado - Limpando BD -----------------------------------------------------------------------------------------------------
&amp#27;[m&amp#27;[32m[INFO ] gei.id.tutelado - 
&amp#27;[m&amp#27;[32m[INFO ] gei.id.tutelado - Configurando situaciÃ³n de partida do test -----------------------------------------------------------------------
&amp#27;[m&amp#27;[32m[INFO ] gei.id.tutelado - 
&amp#27;[m&amp#27;[32m[INFO ] gei.id.tutelado - Inicio do test --------------------------------------------------------------------------------------------------
&amp#27;[m&amp#27;[32m[INFO ] gei.id.tutelado - Obxectivo: Proba da consulta recuperaDeclaracionesContribuyente

&amp#27;[m&amp#27;[32m[INFO ] gei.id.tutelado - 
&amp#27;[m&amp#27;[32m[INFO ] gei.id.tutelado - -----------------------------------------------------------------------------------------------------------------------------------------
&amp#27;[m&amp#27;[32m[INFO ] gei.id.tutelado - Finalizado test: test08_INNER_JOIN
&amp#27;[m&amp#27;[32m[INFO ] gei.id.tutelado - -----------------------------------------------------------------------------------------------------------------------------------------
&amp#27;[m]]></system-out>
  </testcase>
  <testcase name="test08_OUTER_JOIN" classname="gei.id.tutelado.P04_Consultas" time="0.056">
    <system-out><![CDATA[&amp#27;[32m[INFO ] gei.id.tutelado - 
&amp#27;[m&amp#27;[32m[INFO ] gei.id.tutelado - %%%%%%%%%%%%%%%%%%%%%%%%%%%%%%%%%%%%%%%%%%%%%%%%%%%%%%%%%%%%%%%%%%%%%%%%%%%%%%%%%%%%%%%%%%%%%%%%%%%%%%%%%%%%%%%%%%%%%%%%%%%%%%%%%%%%%%%%%
&amp#27;[m&amp#27;[32m[INFO ] gei.id.tutelado - Iniciando test: test08_OUTER_JOIN
&amp#27;[m&amp#27;[32m[INFO ] gei.id.tutelado - %%%%%%%%%%%%%%%%%%%%%%%%%%%%%%%%%%%%%%%%%%%%%%%%%%%%%%%%%%%%%%%%%%%%%%%%%%%%%%%%%%%%%%%%%%%%%%%%%%%%%%%%%%%%%%%%%%%%%%%%%%%%%%%%%%%%%%%%%
&amp#27;[m&amp#27;[32m[INFO ] gei.id.tutelado - 
&amp#27;[m&amp#27;[32m[INFO ] gei.id.tutelado - Limpando BD -----------------------------------------------------------------------------------------------------
&amp#27;[m&amp#27;[32m[INFO ] gei.id.tutelado - 
&amp#27;[m&amp#27;[32m[INFO ] gei.id.tutelado - Configurando situaciÃ³n de partida do test -----------------------------------------------------------------------
&amp#27;[m&amp#27;[32m[INFO ] gei.id.tutelado - 
&amp#27;[m&amp#27;[32m[INFO ] gei.id.tutelado - Inicio do test --------------------------------------------------------------------------------------------------
&amp#27;[m&amp#27;[32m[INFO ] gei.id.tutelado - Obxectivo: Proba da consulta 

&amp#27;[m&amp#27;[32m[INFO ] gei.id.tutelado - 
&amp#27;[m&amp#27;[32m[INFO ] gei.id.tutelado - -----------------------------------------------------------------------------------------------------------------------------------------
&amp#27;[m&amp#27;[32m[INFO ] gei.id.tutelado - Finalizado test: test08_OUTER_JOIN
&amp#27;[m&amp#27;[32m[INFO ] gei.id.tutelado - -----------------------------------------------------------------------------------------------------------------------------------------
&amp#27;[m]]></system-out>
  </testcase>
  <testcase name="test08_Subclase" classname="gei.id.tutelado.P04_Consultas" time="0.061">
    <system-out><![CDATA[&amp#27;[32m[INFO ] gei.id.tutelado - 
&amp#27;[m&amp#27;[32m[INFO ] gei.id.tutelado - %%%%%%%%%%%%%%%%%%%%%%%%%%%%%%%%%%%%%%%%%%%%%%%%%%%%%%%%%%%%%%%%%%%%%%%%%%%%%%%%%%%%%%%%%%%%%%%%%%%%%%%%%%%%%%%%%%%%%%%%%%%%%%%%%%%%%%%%%
&amp#27;[m&amp#27;[32m[INFO ] gei.id.tutelado - Iniciando test: test08_Subclase
&amp#27;[m&amp#27;[32m[INFO ] gei.id.tutelado - %%%%%%%%%%%%%%%%%%%%%%%%%%%%%%%%%%%%%%%%%%%%%%%%%%%%%%%%%%%%%%%%%%%%%%%%%%%%%%%%%%%%%%%%%%%%%%%%%%%%%%%%%%%%%%%%%%%%%%%%%%%%%%%%%%%%%%%%%
&amp#27;[m&amp#27;[32m[INFO ] gei.id.tutelado - 
&amp#27;[m&amp#27;[32m[INFO ] gei.id.tutelado - Limpando BD -----------------------------------------------------------------------------------------------------
&amp#27;[m&amp#27;[32m[INFO ] gei.id.tutelado - 
&amp#27;[m&amp#27;[32m[INFO ] gei.id.tutelado - Configurando situaciÃ³n de partida do test -----------------------------------------------------------------------
&amp#27;[m&amp#27;[32m[INFO ] gei.id.tutelado - 
&amp#27;[m&amp#27;[32m[INFO ] gei.id.tutelado - Inicio do test --------------------------------------------------------------------------------------------------
&amp#27;[m&amp#27;[32m[INFO ] gei.id.tutelado - Obxectivo: Proba da consulta contribuyentesPorEstadoCivil

&amp#27;[m&amp#27;[32m[INFO ] gei.id.tutelado - 
&amp#27;[m&amp#27;[32m[INFO ] gei.id.tutelado - -----------------------------------------------------------------------------------------------------------------------------------------
&amp#27;[m&amp#27;[32m[INFO ] gei.id.tutelado - Finalizado test: test08_Subclase
&amp#27;[m&amp#27;[32m[INFO ] gei.id.tutelado - -----------------------------------------------------------------------------------------------------------------------------------------
&amp#27;[m]]></system-out>
  </testcase>
</testsuite>